---
cycle: 0
running: [p5, p3, p2, p1]
stopped: [p4]
tostart: [p4]
tostop: []
---
cycle: 1
running: [p5, p4, p3, p2, p1]
stopped: []
tostart: []
tostop: []
---
cycle: 2
running: [p5, p4, p3, p2, p1]
stopped: []
tostart: []
tostop: []
---
cycle: 3
running: [p5, p4, p3, p2, p1]
stopped: []
tostart: []
tostop: []
---
cycle: 4
running: [p5, p4, p3, p2, p1]
stopped: []
tostart: []
tostop: []
---
cycle: 5
running: [p5, p4, p3, p2, p1]
stopped: []
tostart: []
tostop: []
---
cycle: 6
running: [p5, p4, p3, p2, p1]
stopped: []
tostart: []
tostop: [p1]
---
cycle: 7
running: [p5, p4, p3, p2, p1]
stopped: []
tostart: []
tostop: []
---
cycle: 8
running: [p5, p4, p3, p2]
stopped: [p1]
tostart: [p1]
tostop: [p2]
---
cycle: 9
running: [p5, p4, p3, p2, p1]
stopped: []
tostart: []
tostop: []
---
cycle: 10
running: [p5, p4, p3, p1]
stopped: [p2]
tostart: []
tostop: []
---
cycle: 11
running: [p5, p4, p3, p1]
stopped: [p2]
tostart: [p2]
tostop: [p1]
---
cycle: 12
running: [p5, p4, p3, p2, p1]
stopped: []
tostart: []
tostop: []
---
cycle: 13
running: [p5, p4, p3, p2]
stopped: [p1]
tostart: []
tostop: []
---
cycle: 14
running: [p5, p4, p3, p2]
stopped: [p1]
tostart: [p1]
tostop: []
---
cycle: 15
running: [p5, p4, p3, p2, p1]
stopped: []
tostart: []
tostop: []
---
cycle: 16
running: [p5, p4, p3, p2, p1]
stopped: []
tostart: []
tostop: [p1]
---
cycle: 17
running: [p5, p4, p3, p2, p1]
stopped: []
tostart: []
tostop: [p2]
---
cycle: 18
running: [p5, p4, p3, p2]
stopped: [p1]
tostart: [p1]
tostop: []
---
cycle: 19
running: [p5, p4, p3, p1]
stopped: [p2]
tostart: []
tostop: []
---
cycle: 20
running: [p5, p4, p3, p1]
stopped: [p2]
tostart: []
tostop: []
---
cycle: 21
running: [p5, p4, p3, p1]
stopped: [p2]
tostart: [p2]
tostop: []
---
cycle: 22
running: [p5, p4, p3, p2, p1]
stopped: []
tostart: []
tostop: [p1]
---
cycle: 23
running: [p5, p4, p3, p2, p1]
stopped: []
tostart: []
tostop: [p1]
---
cycle: 24
running: [p5, p4, p3, p2]
stopped: [p1]
tostart: [p1]
tostop: []
---
cycle: 25
running: [p5, p4, p3, p2, p1]
stopped: []
tostart: []
tostop: [p5]
---
cycle: 26
running: [p5, p4, p3, p2, p1]
stopped: []
tostart: []
tostop: []
---
cycle: 27
running: [p4, p3, p2, p1]
stopped: [p5]
tostart: [p5]
tostop: []
---
cycle: 28
running: [p5, p4, p3, p2, p1]
stopped: []
tostart: []
tostop: [p1]
---
cycle: 29
running: [p5, p4, p3, p2, p1]
stopped: []
tostart: []
tostop: []
---
cycle: 30
running: [p5, p4, p3, p2]
stopped: [p1]
tostart: [p1]
tostop: []
---
cycle: 31
running: [p5, p4, p3, p2, p1]
stopped: []
tostart: []
tostop: []
---
cycle: 32
running: [p5, p4, p3, p2, p1]
stopped: []
tostart: []
tostop: [p1, p5]
---
cycle: 33
running: [p5, p4, p3, p2, p1]
stopped: []
tostart: []
tostop: []
---
cycle: 34
running: [p4, p3, p2]
stopped: [p5, p1]
tostart: [p1]
tostop: []
---
cycle: 35
running: [p4, p3, p2, p1]
stopped: [p5]
tostart: []
tostop: []
---
cycle: 36
running: [p4, p3, p2, p1]
stopped: [p5]
tostart: []
tostop: [p1]
---
cycle: 37
running: [p4, p3, p2, p1]
stopped: [p5]
tostart: [p5]
tostop: [p1]
---
cycle: 38
running: [p5, p4, p3, p2]
stopped: [p1]
tostart: []
tostop: []
---
cycle: 39
running: [p5, p4, p3, p2]
stopped: [p1]
tostart: []
tostop: []
---
cycle: 40
running: [p5, p4, p3, p2]
stopped: [p1]
tostart: [p1]
tostop: []
---
cycle: 41
running: [p5, p4, p3, p2, p1]
stopped: []
tostart: []
tostop: []
---
cycle: 42
running: [p5, p4, p3, p2, p1]
stopped: []
tostart: []
tostop: [p5]
---
cycle: 43
running: [p5, p4, p3, p2, p1]
stopped: []
tostart: []
tostop: []
---
cycle: 44
running: [p4, p3, p2, p1]
stopped: [p5]
tostart: [p5]
tostop: [p1, p2]
---
cycle: 45
running: [p5, p4, p3, p2, p1]
stopped: []
tostart: []
tostop: []
---
cycle: 46
running: [p5, p4, p3]
stopped: [p2, p1]
tostart: []
tostop: []
---
cycle: 47
running: [p5, p4, p3]
stopped: [p2, p1]
tostart: [p1]
tostop: []
---
cycle: 48
running: [p5, p4, p3, p1]
stopped: [p2]
tostart: []
tostop: []
---
cycle: 49
running: [p5, p4, p3, p1]
stopped: [p2]
tostart: []
tostop: []
---
cycle: 50
running: [p5, p4, p3, p1]
stopped: [p2]
tostart: [p2]
tostop: []
---
cycle: 51
running: [p5, p4, p3, p2, p1]
stopped: []
tostart: []
tostop: [p1]
---
cycle: 52
running: [p5, p4, p3, p2, p1]
stopped: []
tostart: []
tostop: []
---
cycle: 53
running: [p5, p4, p3, p2]
stopped: [p1]
tostart: [p1]
tostop: []
---
cycle: 54
running: [p5, p4, p3, p2, p1]
stopped: []
tostart: []
tostop: []
---
cycle: 55
running: [p5, p4, p3, p2, p1]
stopped: []
tostart: []
tostop: []
---
cycle: 56
running: [p5, p4, p3, p2, p1]
stopped: []
tostart: []
tostop: [p5]
---
cycle: 57
running: [p5, p4, p3, p2, p1]
stopped: []
tostart: []
tostop: [p2]
---
cycle: 58
running: [p4, p3, p2, p1]
stopped: [p5]
tostart: [p5]
tostop: [p1, p2]
---
cycle: 59
running: [p5, p4, p3, p1]
stopped: [p2]
tostart: []
tostop: []
---
cycle: 60
running: [p5, p4, p3]
stopped: [p2, p1]
tostart: []
tostop: [p5]
---
cycle: 61
running: [p5, p4, p3]
stopped: [p2, p1]
tostart: [p2]
tostop: []
---
cycle: 62
running: [p4, p3, p2]
stopped: [p5, p1]
tostart: []
tostop: []
---
cycle: 63
running: [p4, p3, p2]
stopped: [p5, p1]
tostart: []
tostop: [p2]
---
cycle: 64
running: [p4, p3, p2]
stopped: [p5, p1]
tostart: [p1]
tostop: []
---
cycle: 65
running: [p4, p3, p1]
stopped: [p5, p2]
tostart: []
tostop: []
---
cycle: 66
running: [p4, p3, p1]
stopped: [p5, p2]
tostart: []
tostop: []
---
cycle: 67
running: [p4, p3, p1]
stopped: [p5, p2]
tostart: [p5]
tostop: []
---
cycle: 68
running: [p5, p4, p3, p1]
stopped: [p2]
tostart: []
tostop: [p1]
---
cycle: 69
running: [p5, p4, p3, p1]
stopped: [p2]
tostart: []
tostop: []
---
cycle: 70
running: [p5, p4, p3]
stopped: [p2, p1]
tostart: [p2]
tostop: []
---
cycle: 71
running: [p5, p4, p3, p2]
stopped: [p1]
tostart: []
tostop: [p5]
