---
cycle: 0
running: [p9, p8, p7, p6, p5, p4, p3, p2, p1, p0]
stopped: []
tostart: []
tostop: []
---
cycle: 1
running: [p9, p8, p7, p6, p5, p4, p3, p2, p1, p0]
stopped: []
tostart: []
tostop: []
---
cycle: 2
running: [p9, p8, p7, p6, p5, p4, p3, p2, p1, p0]
stopped: []
tostart: []
tostop: [p1]
---
cycle: 3
running: [p9, p8, p7, p6, p5, p4, p3, p2, p1, p0]
stopped: []
tostart: []
tostop: [p1, p6]
---
cycle: 4
running: [p8, p9, p7, p5, p6, p4, p3, p2, p0]
stopped: [p1]
tostart: [p1]
tostop: [p6]
---
cycle: 5
running: [p9, p8, p7, p5, p4, p3, p2, p1, p0]
stopped: [p6]
tostart: []
tostop: []
---
cycle: 6
running: [p9, p8, p7, p5, p4, p3, p2, p1, p0]
stopped: [p6]
tostart: []
tostop: []
---
cycle: 7
running: [p9, p8, p7, p5, p4, p3, p2, p1, p0]
stopped: [p6]
tostart: [p6]
tostop: []
---
cycle: 8
running: [p9, p8, p7, p6, p5, p4, p3, p2, p1, p0]
stopped: []
tostart: []
tostop: []
---
cycle: 9
running: [p9, p8, p7, p6, p5, p4, p3, p2, p1, p0]
stopped: []
tostart: []
tostop: [p5]
---
cycle: 10
running: [p9, p8, p7, p6, p5, p4, p3, p2, p1, p0]
stopped: []
tostart: []
tostop: [p5]
---
cycle: 11
running: [p9, p8, p7, p6, p4, p3, p2, p1, p0]
stopped: [p5]
tostart: [p5]
tostop: [p7]
---
cycle: 12
running: [p9, p8, p7, p6, p5, p4, p3, p2, p1, p0]
stopped: []
tostart: []
tostop: [p7, p3]
---
cycle: 13
running: [p9, p8, p6, p5, p4, p3, p2, p1, p0]
stopped: [p7]
tostart: []
tostop: [p3]
---
cycle: 14
running: [p9, p8, p6, p5, p4, p2, p1, p0]
stopped: [p7, p3]
tostart: [p7]
tostop: []
---
cycle: 15
running: [p8, p9, p7, p5, p6, p4, p2, p1, p0]
stopped: [p3]
tostart: []
tostop: [p5, p6]
---
cycle: 16
running: [p8, p9, p7, p5, p6, p4, p2, p1, p0]
stopped: [p3]
tostart: []
tostop: [p5, p6]
---
cycle: 17
running: [p9, p8, p7, p4, p2, p1, p0]
stopped: [p6, p5, p3]
tostart: [p3]
tostop: []
---
cycle: 18
running: [p8, p9, p7, p3, p4, p2, p1, p0]
stopped: [p6, p5]
tostart: []
tostop: []
---
cycle: 19
running: [p8, p9, p7, p3, p4, p2, p1, p0]
stopped: [p6, p5]
tostart: []
tostop: []
---
cycle: 20
running: [p8, p9, p7, p3, p4, p2, p1, p0]
stopped: [p6, p5]
tostart: [p6]
tostop: []
---
cycle: 21
running: [p9, p8, p7, p6, p4, p3, p2, p1, p0]
stopped: [p5]
tostart: []
tostop: [p7]
---
cycle: 22
running: [p9, p8, p7, p6, p4, p3, p2, p1, p0]
stopped: [p5]
tostart: []
tostop: [p7]
