---
cycle: 0
running: [stoic_thompson, ecstatic_goldstine, grave_heisenberg, hungry_mcclintock,
  cranky_lumiere, nostalgic_carson, romantic_fermat, angry_fermat, clever_sammet,
  sick_mclean]
stopped: [high_albattani]
tostart: []
tostop: []
---
cycle: 1
running: [stoic_thompson, ecstatic_goldstine, grave_heisenberg, hungry_mcclintock,
  cranky_lumiere, nostalgic_carson, romantic_fermat, angry_fermat, clever_sammet,
  sick_mclean]
stopped: [high_albattani]
tostart: []
tostop: []
---
cycle: 2
running: [stoic_thompson, ecstatic_goldstine, grave_heisenberg, hungry_mcclintock,
  cranky_lumiere, nostalgic_carson, romantic_fermat, angry_fermat, clever_sammet,
  sick_mclean]
stopped: [high_albattani]
tostart: []
tostop: []
---
cycle: 3
running: [stoic_thompson, ecstatic_goldstine, grave_heisenberg, hungry_mcclintock,
  cranky_lumiere, nostalgic_carson, romantic_fermat, angry_fermat, clever_sammet,
  sick_mclean]
stopped: [high_albattani]
tostart: [high_albattani]
tostop: []
---
cycle: 4
running: [stoic_thompson, ecstatic_goldstine, grave_heisenberg, hungry_mcclintock,
  cranky_lumiere, nostalgic_carson, high_albattani, romantic_fermat, angry_fermat,
  clever_sammet, sick_mclean]
stopped: []
tostart: []
tostop: []
---
cycle: 5
running: [stoic_thompson, ecstatic_goldstine, grave_heisenberg, hungry_mcclintock,
  cranky_lumiere, nostalgic_carson, high_albattani, romantic_fermat, angry_fermat,
  clever_sammet, sick_mclean]
stopped: []
tostart: []
tostop: []
---
cycle: 6
running: [stoic_thompson, ecstatic_goldstine, grave_heisenberg, hungry_mcclintock,
  cranky_lumiere, nostalgic_carson, high_albattani, romantic_fermat, angry_fermat,
  clever_sammet, sick_mclean]
stopped: []
tostart: []
tostop: []
---
cycle: 7
running: [stoic_thompson, ecstatic_goldstine, grave_heisenberg, hungry_mcclintock,
  cranky_lumiere, nostalgic_carson, high_albattani, romantic_fermat, angry_fermat,
  clever_sammet, sick_mclean]
stopped: []
tostart: []
tostop: []
---
cycle: 8
running: [stoic_thompson, ecstatic_goldstine, grave_heisenberg, hungry_mcclintock,
  cranky_lumiere, nostalgic_carson, high_albattani, romantic_fermat, angry_fermat,
  clever_sammet, sick_mclean]
stopped: []
tostart: []
tostop: []
---
cycle: 9
running: [stoic_thompson, ecstatic_goldstine, grave_heisenberg, hungry_mcclintock,
  cranky_lumiere, nostalgic_carson, high_albattani, romantic_fermat, angry_fermat,
  clever_sammet, sick_mclean]
stopped: []
tostart: []
tostop: []
---
cycle: 10
running: [stoic_thompson, ecstatic_goldstine, grave_heisenberg, hungry_mcclintock,
  cranky_lumiere, nostalgic_carson, high_albattani, romantic_fermat, angry_fermat,
  clever_sammet, sick_mclean]
stopped: []
tostart: []
tostop: []
---
cycle: 11
running: [stoic_thompson, ecstatic_goldstine, grave_heisenberg, hungry_mcclintock,
  cranky_lumiere, nostalgic_carson, high_albattani, romantic_fermat, angry_fermat,
  clever_sammet, sick_mclean]
stopped: []
tostart: []
tostop: []
---
cycle: 12
running: [stoic_thompson, ecstatic_goldstine, grave_heisenberg, hungry_mcclintock,
  cranky_lumiere, nostalgic_carson, high_albattani, romantic_fermat, angry_fermat,
  clever_sammet, sick_mclean]
stopped: []
tostart: []
tostop: []
---
cycle: 13
running: [stoic_thompson, ecstatic_goldstine, grave_heisenberg, hungry_mcclintock,
  cranky_lumiere, nostalgic_carson, high_albattani, romantic_fermat, angry_fermat,
  clever_sammet, sick_mclean]
stopped: []
tostart: []
tostop: []
---
cycle: 14
running: [stoic_thompson, ecstatic_goldstine, grave_heisenberg, hungry_mcclintock,
  cranky_lumiere, nostalgic_carson, high_albattani, romantic_fermat, angry_fermat,
  clever_sammet, sick_mclean]
stopped: []
tostart: []
tostop: []
---
cycle: 15
running: [stoic_thompson, ecstatic_goldstine, grave_heisenberg, hungry_mcclintock,
  cranky_lumiere, nostalgic_carson, high_albattani, romantic_fermat, angry_fermat,
  clever_sammet, sick_mclean]
stopped: []
tostart: []
tostop: []
---
cycle: 16
running: [stoic_thompson, ecstatic_goldstine, grave_heisenberg, hungry_mcclintock,
  cranky_lumiere, nostalgic_carson, high_albattani, romantic_fermat, angry_fermat,
  clever_sammet, sick_mclean]
stopped: []
tostart: []
tostop: []
---
cycle: 17
running: [stoic_thompson, ecstatic_goldstine, grave_heisenberg, hungry_mcclintock,
  cranky_lumiere, nostalgic_carson, high_albattani, romantic_fermat, angry_fermat,
  clever_sammet, sick_mclean]
stopped: []
tostart: []
tostop: []
---
cycle: 18
running: [stoic_thompson, ecstatic_goldstine, grave_heisenberg, hungry_mcclintock,
  cranky_lumiere, nostalgic_carson, high_albattani, romantic_fermat, angry_fermat,
  clever_sammet, sick_mclean]
stopped: []
tostart: []
tostop: []
---
cycle: 19
running: [stoic_thompson, ecstatic_goldstine, grave_heisenberg, hungry_mcclintock,
  cranky_lumiere, nostalgic_carson, high_albattani, romantic_fermat, angry_fermat,
  clever_sammet, sick_mclean]
stopped: []
tostart: []
tostop: []
---
cycle: 20
running: [stoic_thompson, ecstatic_goldstine, grave_heisenberg, hungry_mcclintock,
  cranky_lumiere, nostalgic_carson, high_albattani, romantic_fermat, angry_fermat,
  clever_sammet, sick_mclean]
stopped: []
tostart: []
tostop: [nostalgic_carson, grave_heisenberg, sick_mclean, ecstatic_goldstine, angry_fermat]
---
cycle: 21
running: [stoic_thompson, ecstatic_goldstine, grave_heisenberg, hungry_mcclintock,
  cranky_lumiere, nostalgic_carson, high_albattani, romantic_fermat, angry_fermat,
  clever_sammet, sick_mclean]
stopped: []
tostart: []
tostop: [nostalgic_carson, cranky_lumiere, romantic_fermat, stoic_thompson, sick_mclean,
  clever_sammet, hungry_mcclintock, angry_fermat]
---
cycle: 22
running: [stoic_thompson, hungry_mcclintock, cranky_lumiere, romantic_fermat, high_albattani,
  angry_fermat, clever_sammet, sick_mclean]
stopped: [ecstatic_goldstine, grave_heisenberg, nostalgic_carson]
tostart: []
tostop: [cranky_lumiere, hungry_mcclintock]
---
cycle: 23
running: [stoic_thompson, hungry_mcclintock, high_albattani]
stopped: [ecstatic_goldstine, grave_heisenberg, cranky_lumiere, nostalgic_carson,
  romantic_fermat, angry_fermat, clever_sammet, sick_mclean]
tostart: []
tostop: [stoic_thompson, hungry_mcclintock]
---
cycle: 24
running: [high_albattani]
stopped: [stoic_thompson, ecstatic_goldstine, grave_heisenberg, hungry_mcclintock,
  cranky_lumiere, nostalgic_carson, romantic_fermat, angry_fermat, clever_sammet,
  sick_mclean]
tostart: []
tostop: []
---
cycle: 25
running: [high_albattani]
stopped: [stoic_thompson, ecstatic_goldstine, grave_heisenberg, hungry_mcclintock,
  cranky_lumiere, nostalgic_carson, romantic_fermat, angry_fermat, clever_sammet,
  sick_mclean]
tostart: [nostalgic_carson, grave_heisenberg, ecstatic_goldstine]
tostop: []
---
cycle: 26
running: [ecstatic_goldstine, grave_heisenberg, nostalgic_carson, high_albattani]
stopped: [stoic_thompson, hungry_mcclintock, cranky_lumiere, romantic_fermat, angry_fermat,
  clever_sammet, sick_mclean]
tostart: [cranky_lumiere, romantic_fermat, sick_mclean, clever_sammet, angry_fermat]
tostop: [high_albattani]
---
cycle: 27
running: [ecstatic_goldstine, grave_heisenberg, nostalgic_carson, cranky_lumiere,
  high_albattani, romantic_fermat, angry_fermat, clever_sammet, sick_mclean]
stopped: [stoic_thompson, hungry_mcclintock]
tostart: [stoic_thompson, hungry_mcclintock]
tostop: []
---
cycle: 28
running: [stoic_thompson, ecstatic_goldstine, grave_heisenberg, hungry_mcclintock,
  cranky_lumiere, nostalgic_carson, romantic_fermat, angry_fermat, clever_sammet,
  sick_mclean]
stopped: [high_albattani]
tostart: []
tostop: []
---
cycle: 29
running: [stoic_thompson, ecstatic_goldstine, grave_heisenberg, hungry_mcclintock,
  cranky_lumiere, nostalgic_carson, romantic_fermat, angry_fermat, clever_sammet,
  sick_mclean]
stopped: [high_albattani]
tostart: []
tostop: []
