---
cycle: 0
running: [p9, p8, p7, p6, p5, p4, p3, p2, p1, p0]
stopped: []
tostart: []
tostop: []
---
cycle: 1
running: [p9, p8, p7, p6, p5, p4, p3, p2, p1, p0]
stopped: []
tostart: []
tostop: []
---
cycle: 2
running: [p9, p8, p7, p6, p5, p4, p3, p2, p1, p0]
stopped: []
tostart: []
tostop: []
---
cycle: 3
running: [p9, p8, p7, p6, p5, p4, p3, p2, p1, p0]
stopped: []
tostart: []
tostop: []
---
cycle: 4
running: [p9, p8, p7, p6, p5, p4, p3, p2, p1, p0]
stopped: []
tostart: []
tostop: [p7]
---
cycle: 5
running: [p9, p8, p7, p6, p5, p4, p3, p2, p1, p0]
stopped: []
tostart: []
tostop: []
---
cycle: 6
running: [p9, p8, p7, p6, p5, p4, p3, p2, p1, p0]
stopped: []
tostart: []
tostop: []
---
cycle: 7
running: [p9, p8, p7, p6, p5, p4, p3, p2, p1, p0]
stopped: []
tostart: []
tostop: []
---
cycle: 8
running: [p9, p8, p7, p6, p5, p4, p3, p2, p1, p0]
stopped: []
tostart: []
tostop: []
---
cycle: 9
running: [p9, p8, p6, p5, p4, p3, p2, p1, p0]
stopped: [p7]
tostart: []
tostop: []
---
cycle: 10
running: [p9, p8, p6, p5, p4, p3, p2, p1, p0]
stopped: [p7]
tostart: []
tostop: []
---
cycle: 11
running: [p9, p8, p6, p5, p4, p3, p2, p1, p0]
stopped: [p7]
tostart: []
tostop: []
---
cycle: 12
running: [p9, p8, p6, p5, p4, p3, p2, p1, p0]
stopped: [p7]
tostart: [p7]
tostop: [p4]
---
cycle: 13
running: [p9, p8, p7, p6, p5, p4, p3, p2, p1, p0]
stopped: []
tostart: []
tostop: []
---
cycle: 14
running: [p9, p8, p7, p6, p5, p4, p3, p2, p1, p0]
stopped: []
tostart: []
tostop: []
---
cycle: 15
running: [p9, p8, p7, p6, p5, p4, p3, p2, p1, p0]
stopped: []
tostart: []
tostop: []
---
cycle: 16
running: [p9, p8, p7, p6, p5, p4, p3, p2, p1, p0]
stopped: []
tostart: []
tostop: []
---
cycle: 17
running: [p8, p9, p7, p5, p6, p3, p2, p1, p0]
stopped: [p4]
tostart: []
tostop: []
---
cycle: 18
running: [p8, p9, p7, p5, p6, p3, p2, p1, p0]
stopped: [p4]
tostart: []
tostop: []
---
cycle: 19
running: [p8, p9, p7, p5, p6, p3, p2, p1, p0]
stopped: [p4]
tostart: []
tostop: []
---
cycle: 20
running: [p8, p9, p7, p5, p6, p3, p2, p1, p0]
stopped: [p4]
tostart: [p4]
tostop: []
---
cycle: 21
running: [p9, p8, p7, p6, p5, p4, p3, p2, p1, p0]
stopped: []
tostart: []
tostop: [p6]
---
cycle: 22
running: [p9, p8, p7, p6, p5, p4, p3, p2, p1, p0]
stopped: []
tostart: []
tostop: []
---
cycle: 23
running: [p9, p8, p7, p6, p5, p4, p3, p2, p1, p0]
stopped: []
tostart: []
tostop: []
