---
cycle: 0
running: [ecstatic_goldstine, stoic_thompson, nostalgic_carson, high_albattani, romantic_fermat,
  angry_fermat, clever_sammet]
stopped: [grave_heisenberg, hungry_mcclintock, cranky_lumiere, sick_mclean]
tostart: []
tostop: [high_albattani]
---
cycle: 1
running: [ecstatic_goldstine, stoic_thompson, nostalgic_carson, high_albattani, romantic_fermat,
  angry_fermat, clever_sammet]
stopped: [grave_heisenberg, hungry_mcclintock, cranky_lumiere, sick_mclean]
tostart: []
tostop: []
---
cycle: 2
running: [ecstatic_goldstine, stoic_thompson, nostalgic_carson, romantic_fermat, angry_fermat,
  clever_sammet]
stopped: [grave_heisenberg, hungry_mcclintock, cranky_lumiere, high_albattani, sick_mclean]
tostart: []
tostop: []
---
cycle: 3
running: [ecstatic_goldstine, stoic_thompson, nostalgic_carson, romantic_fermat, angry_fermat,
  clever_sammet]
stopped: [grave_heisenberg, hungry_mcclintock, cranky_lumiere, high_albattani, sick_mclean]
tostart: [sick_mclean, hungry_mcclintock, cranky_lumiere, grave_heisenberg]
tostop: [nostalgic_carson]
---
cycle: 4
running: [stoic_thompson, ecstatic_goldstine, grave_heisenberg, hungry_mcclintock,
  cranky_lumiere, nostalgic_carson, romantic_fermat, angry_fermat, clever_sammet,
  sick_mclean]
stopped: [high_albattani]
tostart: []
tostop: []
---
cycle: 5
running: [ecstatic_goldstine, stoic_thompson, grave_heisenberg, hungry_mcclintock,
  cranky_lumiere, romantic_fermat, angry_fermat, clever_sammet, sick_mclean]
stopped: [nostalgic_carson, high_albattani]
tostart: [high_albattani]
tostop: []
---
cycle: 6
running: [ecstatic_goldstine, stoic_thompson, grave_heisenberg, hungry_mcclintock,
  cranky_lumiere, high_albattani, romantic_fermat, angry_fermat, clever_sammet, sick_mclean]
stopped: [nostalgic_carson]
tostart: []
tostop: []
---
cycle: 7
running: [ecstatic_goldstine, stoic_thompson, grave_heisenberg, hungry_mcclintock,
  cranky_lumiere, high_albattani, romantic_fermat, angry_fermat, clever_sammet, sick_mclean]
stopped: [nostalgic_carson]
tostart: []
tostop: [romantic_fermat]
---
cycle: 8
running: [ecstatic_goldstine, stoic_thompson, grave_heisenberg, hungry_mcclintock,
  cranky_lumiere, high_albattani, romantic_fermat, angry_fermat, clever_sammet, sick_mclean]
stopped: [nostalgic_carson]
tostart: [nostalgic_carson]
tostop: []
---
cycle: 9
running: [stoic_thompson, ecstatic_goldstine, grave_heisenberg, hungry_mcclintock,
  cranky_lumiere, nostalgic_carson, high_albattani, angry_fermat, clever_sammet, sick_mclean]
stopped: [romantic_fermat]
tostart: []
tostop: [nostalgic_carson, cranky_lumiere]
---
cycle: 10
running: [stoic_thompson, ecstatic_goldstine, grave_heisenberg, hungry_mcclintock,
  cranky_lumiere, nostalgic_carson, high_albattani, angry_fermat, clever_sammet, sick_mclean]
stopped: [romantic_fermat]
tostart: []
tostop: []
---
cycle: 11
running: [ecstatic_goldstine, stoic_thompson, grave_heisenberg, hungry_mcclintock,
  cranky_lumiere, high_albattani, angry_fermat, clever_sammet, sick_mclean]
stopped: [nostalgic_carson, romantic_fermat]
tostart: []
tostop: [sick_mclean]
---
cycle: 12
running: [ecstatic_goldstine, stoic_thompson, grave_heisenberg, hungry_mcclintock,
  high_albattani, angry_fermat, clever_sammet, sick_mclean]
stopped: [cranky_lumiere, nostalgic_carson, romantic_fermat]
tostart: [romantic_fermat]
tostop: [stoic_thompson, clever_sammet]
---
cycle: 13
running: [ecstatic_goldstine, stoic_thompson, grave_heisenberg, hungry_mcclintock,
  high_albattani, romantic_fermat, angry_fermat, clever_sammet]
stopped: [cranky_lumiere, nostalgic_carson, sick_mclean]
tostart: []
tostop: []
---
cycle: 14
running: [ecstatic_goldstine, grave_heisenberg, hungry_mcclintock, high_albattani,
  romantic_fermat, angry_fermat]
stopped: [stoic_thompson, cranky_lumiere, nostalgic_carson, clever_sammet, sick_mclean]
tostart: [nostalgic_carson]
tostop: []
---
cycle: 15
running: [ecstatic_goldstine, grave_heisenberg, hungry_mcclintock, nostalgic_carson,
  high_albattani, romantic_fermat, angry_fermat]
stopped: [stoic_thompson, cranky_lumiere, clever_sammet, sick_mclean]
tostart: [cranky_lumiere]
tostop: []
---
cycle: 16
running: [ecstatic_goldstine, grave_heisenberg, hungry_mcclintock, cranky_lumiere,
  nostalgic_carson, high_albattani, romantic_fermat, angry_fermat]
stopped: [stoic_thompson, clever_sammet, sick_mclean]
tostart: [sick_mclean]
tostop: []
---
cycle: 17
running: [ecstatic_goldstine, grave_heisenberg, hungry_mcclintock, cranky_lumiere,
  nostalgic_carson, high_albattani, romantic_fermat, angry_fermat, sick_mclean]
stopped: [stoic_thompson, clever_sammet]
tostart: [stoic_thompson, clever_sammet]
tostop: []
---
cycle: 18
running: [stoic_thompson, ecstatic_goldstine, grave_heisenberg, hungry_mcclintock,
  cranky_lumiere, nostalgic_carson, high_albattani, romantic_fermat, angry_fermat,
  clever_sammet, sick_mclean]
stopped: []
tostart: []
tostop: []
---
cycle: 19
running: [stoic_thompson, ecstatic_goldstine, grave_heisenberg, hungry_mcclintock,
  cranky_lumiere, nostalgic_carson, high_albattani, romantic_fermat, angry_fermat,
  clever_sammet, sick_mclean]
stopped: []
tostart: []
tostop: [hungry_mcclintock]
---
cycle: 20
running: [stoic_thompson, ecstatic_goldstine, grave_heisenberg, hungry_mcclintock,
  cranky_lumiere, nostalgic_carson, high_albattani, romantic_fermat, angry_fermat,
  clever_sammet, sick_mclean]
stopped: []
tostart: []
tostop: []
---
cycle: 21
running: [ecstatic_goldstine, stoic_thompson, grave_heisenberg, nostalgic_carson,
  cranky_lumiere, high_albattani, romantic_fermat, angry_fermat, clever_sammet, sick_mclean]
stopped: [hungry_mcclintock]
tostart: []
tostop: [romantic_fermat]
---
cycle: 22
running: [ecstatic_goldstine, stoic_thompson, grave_heisenberg, nostalgic_carson,
  cranky_lumiere, high_albattani, romantic_fermat, angry_fermat, clever_sammet, sick_mclean]
stopped: [hungry_mcclintock]
tostart: []
tostop: []
---
cycle: 23
running: [stoic_thompson, ecstatic_goldstine, grave_heisenberg, cranky_lumiere, nostalgic_carson,
  high_albattani, angry_fermat, clever_sammet, sick_mclean]
stopped: [hungry_mcclintock, romantic_fermat]
tostart: []
tostop: []
---
cycle: 24
running: [stoic_thompson, ecstatic_goldstine, grave_heisenberg, cranky_lumiere, nostalgic_carson,
  high_albattani, angry_fermat, clever_sammet, sick_mclean]
stopped: [hungry_mcclintock, romantic_fermat]
tostart: [hungry_mcclintock]
tostop: []
---
cycle: 25
running: [stoic_thompson, ecstatic_goldstine, grave_heisenberg, hungry_mcclintock,
  cranky_lumiere, nostalgic_carson, high_albattani, angry_fermat, clever_sammet, sick_mclean]
stopped: [romantic_fermat]
tostart: []
tostop: []
---
cycle: 26
running: [stoic_thompson, ecstatic_goldstine, grave_heisenberg, hungry_mcclintock,
  cranky_lumiere, nostalgic_carson, high_albattani, angry_fermat, clever_sammet, sick_mclean]
stopped: [romantic_fermat]
tostart: [romantic_fermat]
tostop: [ecstatic_goldstine]
---
cycle: 27
running: [stoic_thompson, ecstatic_goldstine, grave_heisenberg, hungry_mcclintock,
  cranky_lumiere, nostalgic_carson, high_albattani, romantic_fermat, angry_fermat,
  clever_sammet, sick_mclean]
stopped: []
tostart: []
tostop: [hungry_mcclintock]
---
cycle: 28
running: [stoic_thompson, ecstatic_goldstine, grave_heisenberg, hungry_mcclintock,
  cranky_lumiere, nostalgic_carson, high_albattani, romantic_fermat, angry_fermat,
  clever_sammet, sick_mclean]
stopped: []
tostart: []
tostop: []
---
cycle: 29
running: [ecstatic_goldstine, stoic_thompson, grave_heisenberg, nostalgic_carson,
  cranky_lumiere, high_albattani, romantic_fermat, angry_fermat, clever_sammet, sick_mclean]
stopped: [hungry_mcclintock]
tostart: []
tostop: [sick_mclean, stoic_thompson, high_albattani, romantic_fermat, ecstatic_goldstine]
---
cycle: 30
running: [ecstatic_goldstine, stoic_thompson, grave_heisenberg, nostalgic_carson,
  cranky_lumiere, high_albattani, romantic_fermat, angry_fermat, clever_sammet, sick_mclean]
stopped: [hungry_mcclintock]
tostart: []
tostop: [high_albattani]
---
cycle: 31
running: [ecstatic_goldstine, grave_heisenberg, nostalgic_carson, cranky_lumiere,
  angry_fermat, clever_sammet, sick_mclean]
stopped: [stoic_thompson, hungry_mcclintock, high_albattani, romantic_fermat]
tostart: []
tostop: []
---
cycle: 32
running: [ecstatic_goldstine, grave_heisenberg, nostalgic_carson, cranky_lumiere,
  angry_fermat, clever_sammet]
stopped: [stoic_thompson, hungry_mcclintock, high_albattani, romantic_fermat, sick_mclean]
tostart: [hungry_mcclintock]
tostop: []
---
cycle: 33
running: [ecstatic_goldstine, grave_heisenberg, hungry_mcclintock, nostalgic_carson,
  cranky_lumiere, angry_fermat, clever_sammet]
stopped: [stoic_thompson, high_albattani, romantic_fermat, sick_mclean]
tostart: []
tostop: []
---
cycle: 34
running: [ecstatic_goldstine, grave_heisenberg, hungry_mcclintock, nostalgic_carson,
  cranky_lumiere, angry_fermat, clever_sammet]
stopped: [stoic_thompson, high_albattani, romantic_fermat, sick_mclean]
tostart: [stoic_thompson, high_albattani, romantic_fermat]
tostop: [hungry_mcclintock]
---
cycle: 35
running: [stoic_thompson, ecstatic_goldstine, grave_heisenberg, hungry_mcclintock,
  cranky_lumiere, nostalgic_carson, high_albattani, romantic_fermat, angry_fermat,
  clever_sammet]
stopped: [sick_mclean]
tostart: [sick_mclean]
tostop: [grave_heisenberg]
---
cycle: 36
running: [ecstatic_goldstine, stoic_thompson, grave_heisenberg, nostalgic_carson,
  cranky_lumiere, high_albattani, romantic_fermat, angry_fermat, clever_sammet, sick_mclean]
stopped: [hungry_mcclintock]
tostart: []
tostop: []
---
cycle: 37
running: [ecstatic_goldstine, stoic_thompson, nostalgic_carson, cranky_lumiere, high_albattani,
  romantic_fermat, angry_fermat, clever_sammet, sick_mclean]
stopped: [grave_heisenberg, hungry_mcclintock]
tostart: []
tostop: [clever_sammet]
---
cycle: 38
running: [ecstatic_goldstine, stoic_thompson, nostalgic_carson, cranky_lumiere, high_albattani,
  romantic_fermat, angry_fermat, clever_sammet, sick_mclean]
stopped: [grave_heisenberg, hungry_mcclintock]
tostart: []
tostop: []
---
cycle: 39
running: [ecstatic_goldstine, stoic_thompson, nostalgic_carson, cranky_lumiere, high_albattani,
  romantic_fermat, angry_fermat, sick_mclean]
stopped: [grave_heisenberg, hungry_mcclintock, clever_sammet]
tostart: [hungry_mcclintock]
tostop: []
---
cycle: 40
running: [stoic_thompson, ecstatic_goldstine, hungry_mcclintock, cranky_lumiere, nostalgic_carson,
  high_albattani, romantic_fermat, angry_fermat, sick_mclean]
stopped: [grave_heisenberg, clever_sammet]
tostart: [grave_heisenberg]
tostop: [ecstatic_goldstine]
---
cycle: 41
running: [stoic_thompson, ecstatic_goldstine, grave_heisenberg, hungry_mcclintock,
  cranky_lumiere, nostalgic_carson, high_albattani, romantic_fermat, angry_fermat,
  sick_mclean]
stopped: [clever_sammet]
tostart: []
tostop: []
---
cycle: 42
running: [stoic_thompson, ecstatic_goldstine, grave_heisenberg, hungry_mcclintock,
  cranky_lumiere, nostalgic_carson, high_albattani, romantic_fermat, angry_fermat,
  sick_mclean]
stopped: [clever_sammet]
tostart: [clever_sammet]
tostop: []
---
cycle: 43
running: [stoic_thompson, ecstatic_goldstine, grave_heisenberg, hungry_mcclintock,
  cranky_lumiere, nostalgic_carson, high_albattani, romantic_fermat, angry_fermat,
  clever_sammet, sick_mclean]
stopped: []
tostart: []
tostop: []
---
cycle: 44
running: [stoic_thompson, ecstatic_goldstine, grave_heisenberg, hungry_mcclintock,
  cranky_lumiere, nostalgic_carson, high_albattani, romantic_fermat, angry_fermat,
  clever_sammet, sick_mclean]
stopped: []
tostart: []
tostop: []
---
cycle: 45
running: [stoic_thompson, ecstatic_goldstine, grave_heisenberg, hungry_mcclintock,
  cranky_lumiere, nostalgic_carson, high_albattani, romantic_fermat, angry_fermat,
  clever_sammet, sick_mclean]
stopped: []
tostart: []
tostop: []
---
cycle: 46
running: [stoic_thompson, ecstatic_goldstine, grave_heisenberg, hungry_mcclintock,
  cranky_lumiere, nostalgic_carson, high_albattani, romantic_fermat, angry_fermat,
  clever_sammet, sick_mclean]
stopped: []
tostart: []
tostop: []
---
cycle: 47
running: [stoic_thompson, ecstatic_goldstine, grave_heisenberg, hungry_mcclintock,
  cranky_lumiere, nostalgic_carson, high_albattani, romantic_fermat, angry_fermat,
  clever_sammet, sick_mclean]
stopped: []
tostart: []
tostop: [high_albattani]
---
cycle: 48
running: [stoic_thompson, ecstatic_goldstine, grave_heisenberg, hungry_mcclintock,
  cranky_lumiere, nostalgic_carson, high_albattani, romantic_fermat, angry_fermat,
  clever_sammet, sick_mclean]
stopped: []
tostart: []
tostop: [grave_heisenberg]
---
cycle: 49
running: [stoic_thompson, ecstatic_goldstine, grave_heisenberg, hungry_mcclintock,
  cranky_lumiere, nostalgic_carson, romantic_fermat, angry_fermat, clever_sammet,
  sick_mclean]
stopped: [high_albattani]
tostart: []
tostop: []
---
cycle: 50
running: [stoic_thompson, ecstatic_goldstine, hungry_mcclintock, cranky_lumiere, nostalgic_carson,
  romantic_fermat, angry_fermat, clever_sammet, sick_mclean]
stopped: [grave_heisenberg, high_albattani]
tostart: []
tostop: []
---
cycle: 51
running: [stoic_thompson, ecstatic_goldstine, hungry_mcclintock, cranky_lumiere, nostalgic_carson,
  romantic_fermat, angry_fermat, clever_sammet, sick_mclean]
stopped: [grave_heisenberg, high_albattani]
tostart: []
tostop: [nostalgic_carson]
---
cycle: 52
running: [stoic_thompson, ecstatic_goldstine, hungry_mcclintock, cranky_lumiere, nostalgic_carson,
  romantic_fermat, angry_fermat, clever_sammet, sick_mclean]
stopped: [grave_heisenberg, high_albattani]
tostart: [high_albattani]
tostop: []
---
cycle: 53
running: [ecstatic_goldstine, stoic_thompson, hungry_mcclintock, cranky_lumiere, high_albattani,
  romantic_fermat, angry_fermat, clever_sammet, sick_mclean]
stopped: [grave_heisenberg, nostalgic_carson]
tostart: [grave_heisenberg]
tostop: []
---
cycle: 54
running: [ecstatic_goldstine, stoic_thompson, grave_heisenberg, hungry_mcclintock,
  cranky_lumiere, high_albattani, romantic_fermat, angry_fermat, clever_sammet, sick_mclean]
stopped: [nostalgic_carson]
tostart: []
tostop: []
---
cycle: 55
running: [ecstatic_goldstine, stoic_thompson, grave_heisenberg, hungry_mcclintock,
  cranky_lumiere, high_albattani, romantic_fermat, angry_fermat, clever_sammet, sick_mclean]
stopped: [nostalgic_carson]
tostart: []
tostop: []
---
cycle: 56
running: [ecstatic_goldstine, stoic_thompson, grave_heisenberg, hungry_mcclintock,
  cranky_lumiere, high_albattani, romantic_fermat, angry_fermat, clever_sammet, sick_mclean]
stopped: [nostalgic_carson]
tostart: [nostalgic_carson]
tostop: []
---
cycle: 57
running: [stoic_thompson, ecstatic_goldstine, grave_heisenberg, hungry_mcclintock,
  cranky_lumiere, nostalgic_carson, high_albattani, romantic_fermat, angry_fermat,
  clever_sammet, sick_mclean]
stopped: []
tostart: []
tostop: []
---
cycle: 58
running: [stoic_thompson, ecstatic_goldstine, grave_heisenberg, hungry_mcclintock,
  cranky_lumiere, nostalgic_carson, high_albattani, romantic_fermat, angry_fermat,
  clever_sammet, sick_mclean]
stopped: []
tostart: []
tostop: []
---
cycle: 59
running: [stoic_thompson, ecstatic_goldstine, grave_heisenberg, hungry_mcclintock,
  cranky_lumiere, nostalgic_carson, high_albattani, romantic_fermat, angry_fermat,
  clever_sammet, sick_mclean]
stopped: []
tostart: []
tostop: [hungry_mcclintock]
---
cycle: 60
running: [stoic_thompson, ecstatic_goldstine, grave_heisenberg, hungry_mcclintock,
  cranky_lumiere, nostalgic_carson, high_albattani, romantic_fermat, angry_fermat,
  clever_sammet, sick_mclean]
stopped: []
tostart: []
tostop: []
---
cycle: 61
running: [ecstatic_goldstine, stoic_thompson, grave_heisenberg, nostalgic_carson,
  cranky_lumiere, high_albattani, romantic_fermat, angry_fermat, clever_sammet, sick_mclean]
stopped: [hungry_mcclintock]
tostart: []
tostop: [sick_mclean]
---
cycle: 62
running: [ecstatic_goldstine, stoic_thompson, grave_heisenberg, nostalgic_carson,
  cranky_lumiere, high_albattani, romantic_fermat, angry_fermat, clever_sammet, sick_mclean]
stopped: [hungry_mcclintock]
tostart: []
tostop: []
---
cycle: 63
running: [stoic_thompson, ecstatic_goldstine, grave_heisenberg, cranky_lumiere, nostalgic_carson,
  high_albattani, romantic_fermat, angry_fermat, clever_sammet]
stopped: [hungry_mcclintock, sick_mclean]
tostart: []
tostop: []
---
cycle: 64
running: [stoic_thompson, ecstatic_goldstine, grave_heisenberg, cranky_lumiere, nostalgic_carson,
  high_albattani, romantic_fermat, angry_fermat, clever_sammet]
stopped: [hungry_mcclintock, sick_mclean]
tostart: [hungry_mcclintock]
tostop: [high_albattani]
---
cycle: 65
running: [stoic_thompson, ecstatic_goldstine, grave_heisenberg, hungry_mcclintock,
  cranky_lumiere, nostalgic_carson, high_albattani, romantic_fermat, angry_fermat,
  clever_sammet]
stopped: [sick_mclean]
tostart: []
tostop: []
---
cycle: 66
running: [ecstatic_goldstine, stoic_thompson, grave_heisenberg, hungry_mcclintock,
  nostalgic_carson, cranky_lumiere, romantic_fermat, angry_fermat, clever_sammet]
stopped: [high_albattani, sick_mclean]
tostart: [sick_mclean]
tostop: []
---
cycle: 67
running: [stoic_thompson, ecstatic_goldstine, grave_heisenberg, hungry_mcclintock,
  cranky_lumiere, nostalgic_carson, romantic_fermat, angry_fermat, clever_sammet,
  sick_mclean]
stopped: [high_albattani]
tostart: []
tostop: [grave_heisenberg]
---
cycle: 68
running: [stoic_thompson, ecstatic_goldstine, grave_heisenberg, hungry_mcclintock,
  cranky_lumiere, nostalgic_carson, romantic_fermat, angry_fermat, clever_sammet,
  sick_mclean]
stopped: [high_albattani]
tostart: []
tostop: [sick_mclean]
---
cycle: 69
running: [stoic_thompson, ecstatic_goldstine, hungry_mcclintock, cranky_lumiere, nostalgic_carson,
  romantic_fermat, angry_fermat, clever_sammet, sick_mclean]
stopped: [grave_heisenberg, high_albattani]
tostart: [high_albattani]
tostop: []
---
cycle: 70
running: [stoic_thompson, ecstatic_goldstine, hungry_mcclintock, cranky_lumiere, nostalgic_carson,
  high_albattani, romantic_fermat, angry_fermat, clever_sammet]
stopped: [grave_heisenberg, sick_mclean]
tostart: []
tostop: [clever_sammet]
---
cycle: 71
running: [stoic_thompson, ecstatic_goldstine, hungry_mcclintock, cranky_lumiere, nostalgic_carson,
  high_albattani, romantic_fermat, angry_fermat, clever_sammet]
stopped: [grave_heisenberg, sick_mclean]
tostart: []
tostop: []
---
cycle: 72
running: [stoic_thompson, ecstatic_goldstine, hungry_mcclintock, cranky_lumiere, nostalgic_carson,
  high_albattani, romantic_fermat, angry_fermat]
stopped: [grave_heisenberg, clever_sammet, sick_mclean]
tostart: [grave_heisenberg]
tostop: []
---
cycle: 73
running: [ecstatic_goldstine, stoic_thompson, grave_heisenberg, hungry_mcclintock,
  nostalgic_carson, cranky_lumiere, high_albattani, romantic_fermat, angry_fermat]
stopped: [clever_sammet, sick_mclean]
tostart: [sick_mclean]
tostop: [grave_heisenberg]
---
cycle: 74
running: [stoic_thompson, ecstatic_goldstine, grave_heisenberg, hungry_mcclintock,
  cranky_lumiere, nostalgic_carson, high_albattani, romantic_fermat, angry_fermat,
  sick_mclean]
stopped: [clever_sammet]
tostart: []
tostop: [nostalgic_carson]
---
cycle: 75
running: [stoic_thompson, ecstatic_goldstine, hungry_mcclintock, cranky_lumiere, nostalgic_carson,
  high_albattani, romantic_fermat, angry_fermat, sick_mclean]
stopped: [grave_heisenberg, clever_sammet]
tostart: [clever_sammet]
tostop: [nostalgic_carson]
---
cycle: 76
running: [ecstatic_goldstine, stoic_thompson, hungry_mcclintock, cranky_lumiere, high_albattani,
  romantic_fermat, angry_fermat, clever_sammet, sick_mclean]
stopped: [grave_heisenberg, nostalgic_carson]
tostart: []
tostop: []
---
cycle: 77
running: [ecstatic_goldstine, stoic_thompson, hungry_mcclintock, cranky_lumiere, high_albattani,
  romantic_fermat, angry_fermat, clever_sammet, sick_mclean]
stopped: [grave_heisenberg, nostalgic_carson]
tostart: []
tostop: []
---
cycle: 78
running: [ecstatic_goldstine, stoic_thompson, hungry_mcclintock, cranky_lumiere, high_albattani,
  romantic_fermat, angry_fermat, clever_sammet, sick_mclean]
stopped: [grave_heisenberg, nostalgic_carson]
tostart: [grave_heisenberg]
tostop: []
---
cycle: 79
running: [ecstatic_goldstine, stoic_thompson, grave_heisenberg, hungry_mcclintock,
  cranky_lumiere, high_albattani, romantic_fermat, angry_fermat, clever_sammet, sick_mclean]
stopped: [nostalgic_carson]
tostart: [nostalgic_carson]
tostop: []
---
cycle: 80
running: [stoic_thompson, ecstatic_goldstine, grave_heisenberg, hungry_mcclintock,
  cranky_lumiere, nostalgic_carson, high_albattani, romantic_fermat, angry_fermat,
  clever_sammet, sick_mclean]
stopped: []
tostart: []
tostop: [romantic_fermat]
---
cycle: 81
running: [stoic_thompson, ecstatic_goldstine, grave_heisenberg, hungry_mcclintock,
  cranky_lumiere, nostalgic_carson, high_albattani, romantic_fermat, angry_fermat,
  clever_sammet, sick_mclean]
stopped: []
tostart: []
tostop: []
---
cycle: 82
running: [stoic_thompson, ecstatic_goldstine, grave_heisenberg, hungry_mcclintock,
  cranky_lumiere, nostalgic_carson, high_albattani, angry_fermat, clever_sammet, sick_mclean]
stopped: [romantic_fermat]
tostart: []
tostop: []
---
cycle: 83
running: [stoic_thompson, ecstatic_goldstine, grave_heisenberg, hungry_mcclintock,
  cranky_lumiere, nostalgic_carson, high_albattani, angry_fermat, clever_sammet, sick_mclean]
stopped: [romantic_fermat]
tostart: []
tostop: [clever_sammet]
---
cycle: 84
running: [stoic_thompson, ecstatic_goldstine, grave_heisenberg, hungry_mcclintock,
  cranky_lumiere, nostalgic_carson, high_albattani, angry_fermat, clever_sammet, sick_mclean]
stopped: [romantic_fermat]
tostart: []
tostop: []
---
cycle: 85
running: [ecstatic_goldstine, stoic_thompson, grave_heisenberg, hungry_mcclintock,
  nostalgic_carson, cranky_lumiere, high_albattani, angry_fermat, sick_mclean]
stopped: [romantic_fermat, clever_sammet]
tostart: [romantic_fermat]
tostop: []
---
cycle: 86
running: [stoic_thompson, ecstatic_goldstine, grave_heisenberg, hungry_mcclintock,
  cranky_lumiere, nostalgic_carson, high_albattani, romantic_fermat, angry_fermat,
  sick_mclean]
stopped: [clever_sammet]
tostart: []
tostop: []
---
cycle: 87
running: [stoic_thompson, ecstatic_goldstine, grave_heisenberg, hungry_mcclintock,
  cranky_lumiere, nostalgic_carson, high_albattani, romantic_fermat, angry_fermat,
  sick_mclean]
stopped: [clever_sammet]
tostart: []
tostop: []
---
cycle: 88
running: [stoic_thompson, ecstatic_goldstine, grave_heisenberg, hungry_mcclintock,
  cranky_lumiere, nostalgic_carson, high_albattani, romantic_fermat, angry_fermat,
  sick_mclean]
stopped: [clever_sammet]
tostart: [clever_sammet]
tostop: []
---
cycle: 89
running: [stoic_thompson, ecstatic_goldstine, grave_heisenberg, hungry_mcclintock,
  cranky_lumiere, nostalgic_carson, high_albattani, romantic_fermat, angry_fermat,
  clever_sammet, sick_mclean]
stopped: []
tostart: []
tostop: []
---
cycle: 90
running: [stoic_thompson, ecstatic_goldstine, grave_heisenberg, hungry_mcclintock,
  cranky_lumiere, nostalgic_carson, high_albattani, romantic_fermat, angry_fermat,
  clever_sammet, sick_mclean]
stopped: []
tostart: []
tostop: [grave_heisenberg]
---
cycle: 91
running: [stoic_thompson, ecstatic_goldstine, grave_heisenberg, hungry_mcclintock,
  cranky_lumiere, nostalgic_carson, high_albattani, romantic_fermat, angry_fermat,
  clever_sammet, sick_mclean]
stopped: []
tostart: []
tostop: []
---
cycle: 92
running: [ecstatic_goldstine, stoic_thompson, hungry_mcclintock, nostalgic_carson,
  cranky_lumiere, high_albattani, romantic_fermat, angry_fermat, clever_sammet, sick_mclean]
stopped: [grave_heisenberg]
tostart: []
tostop: []
---
cycle: 93
running: [ecstatic_goldstine, stoic_thompson, hungry_mcclintock, nostalgic_carson,
  cranky_lumiere, high_albattani, romantic_fermat, angry_fermat, clever_sammet, sick_mclean]
stopped: [grave_heisenberg]
tostart: []
tostop: []
---
cycle: 94
running: [ecstatic_goldstine, stoic_thompson, hungry_mcclintock, nostalgic_carson,
  cranky_lumiere, high_albattani, romantic_fermat, angry_fermat, clever_sammet, sick_mclean]
stopped: [grave_heisenberg]
tostart: []
tostop: [clever_sammet]
---
cycle: 95
running: [ecstatic_goldstine, stoic_thompson, hungry_mcclintock, nostalgic_carson,
  cranky_lumiere, high_albattani, romantic_fermat, angry_fermat, clever_sammet, sick_mclean]
stopped: [grave_heisenberg]
tostart: [grave_heisenberg]
tostop: []
---
cycle: 96
running: [stoic_thompson, ecstatic_goldstine, grave_heisenberg, hungry_mcclintock,
  cranky_lumiere, nostalgic_carson, high_albattani, romantic_fermat, angry_fermat,
  sick_mclean]
stopped: [clever_sammet]
tostart: []
tostop: []
---
cycle: 97
running: [stoic_thompson, ecstatic_goldstine, grave_heisenberg, hungry_mcclintock,
  cranky_lumiere, nostalgic_carson, high_albattani, romantic_fermat, angry_fermat,
  sick_mclean]
stopped: [clever_sammet]
tostart: []
tostop: []
---
cycle: 98
running: [stoic_thompson, ecstatic_goldstine, grave_heisenberg, hungry_mcclintock,
  cranky_lumiere, nostalgic_carson, high_albattani, romantic_fermat, angry_fermat,
  sick_mclean]
stopped: [clever_sammet]
tostart: []
tostop: []
---
cycle: 99
running: [stoic_thompson, ecstatic_goldstine, grave_heisenberg, hungry_mcclintock,
  cranky_lumiere, nostalgic_carson, high_albattani, romantic_fermat, angry_fermat,
  sick_mclean]
stopped: [clever_sammet]
tostart: [clever_sammet]
tostop: []
---
cycle: 100
running: [stoic_thompson, ecstatic_goldstine, grave_heisenberg, hungry_mcclintock,
  cranky_lumiere, nostalgic_carson, high_albattani, romantic_fermat, angry_fermat,
  clever_sammet, sick_mclean]
stopped: []
tostart: []
tostop: []
---
cycle: 101
running: [stoic_thompson, ecstatic_goldstine, grave_heisenberg, hungry_mcclintock,
  cranky_lumiere, nostalgic_carson, high_albattani, romantic_fermat, angry_fermat,
  clever_sammet, sick_mclean]
stopped: []
tostart: []
tostop: [grave_heisenberg]
---
cycle: 102
running: [stoic_thompson, ecstatic_goldstine, grave_heisenberg, hungry_mcclintock,
  cranky_lumiere, nostalgic_carson, high_albattani, romantic_fermat, angry_fermat,
  clever_sammet, sick_mclean]
stopped: []
tostart: []
tostop: []
---
cycle: 103
running: [ecstatic_goldstine, stoic_thompson, hungry_mcclintock, nostalgic_carson,
  cranky_lumiere, high_albattani, romantic_fermat, angry_fermat, clever_sammet, sick_mclean]
stopped: [grave_heisenberg]
tostart: []
tostop: []
---
cycle: 104
running: [ecstatic_goldstine, stoic_thompson, hungry_mcclintock, nostalgic_carson,
  cranky_lumiere, high_albattani, romantic_fermat, angry_fermat, clever_sammet, sick_mclean]
stopped: [grave_heisenberg]
tostart: []
tostop: []
---
cycle: 105
running: [ecstatic_goldstine, stoic_thompson, hungry_mcclintock, nostalgic_carson,
  cranky_lumiere, high_albattani, romantic_fermat, angry_fermat, clever_sammet, sick_mclean]
stopped: [grave_heisenberg]
tostart: []
tostop: [angry_fermat]
---
cycle: 106
running: [ecstatic_goldstine, stoic_thompson, hungry_mcclintock, nostalgic_carson,
  cranky_lumiere, high_albattani, romantic_fermat, angry_fermat, clever_sammet, sick_mclean]
stopped: [grave_heisenberg]
tostart: [grave_heisenberg]
tostop: []
---
cycle: 107
running: [stoic_thompson, ecstatic_goldstine, grave_heisenberg, hungry_mcclintock,
  cranky_lumiere, nostalgic_carson, high_albattani, romantic_fermat, clever_sammet,
  sick_mclean]
stopped: [angry_fermat]
tostart: []
tostop: [ecstatic_goldstine, cranky_lumiere]
---
cycle: 108
running: [stoic_thompson, ecstatic_goldstine, grave_heisenberg, hungry_mcclintock,
  cranky_lumiere, nostalgic_carson, high_albattani, romantic_fermat, clever_sammet,
  sick_mclean]
stopped: [angry_fermat]
tostart: []
tostop: [ecstatic_goldstine]
---
cycle: 109
running: [ecstatic_goldstine, stoic_thompson, grave_heisenberg, hungry_mcclintock,
  nostalgic_carson, high_albattani, romantic_fermat, clever_sammet, sick_mclean]
stopped: [cranky_lumiere, angry_fermat]
tostart: []
tostop: [ecstatic_goldstine, high_albattani, clever_sammet]
---
cycle: 110
running: [ecstatic_goldstine, stoic_thompson, grave_heisenberg, hungry_mcclintock,
  nostalgic_carson, high_albattani, romantic_fermat, clever_sammet, sick_mclean]
stopped: [cranky_lumiere, angry_fermat]
tostart: [angry_fermat]
tostop: []
---
cycle: 111
running: [ecstatic_goldstine, stoic_thompson, grave_heisenberg, hungry_mcclintock,
  nostalgic_carson, high_albattani, romantic_fermat, angry_fermat, clever_sammet,
  sick_mclean]
stopped: [cranky_lumiere]
tostart: []
tostop: []
---
cycle: 112
running: [ecstatic_goldstine, stoic_thompson, grave_heisenberg, hungry_mcclintock,
  nostalgic_carson, romantic_fermat, angry_fermat, sick_mclean]
stopped: [cranky_lumiere, high_albattani, clever_sammet]
tostart: [cranky_lumiere]
tostop: []
---
cycle: 113
running: [ecstatic_goldstine, stoic_thompson, grave_heisenberg, hungry_mcclintock,
  nostalgic_carson, cranky_lumiere, romantic_fermat, angry_fermat, sick_mclean]
stopped: [high_albattani, clever_sammet]
tostart: []
tostop: []
---
cycle: 114
running: [ecstatic_goldstine, stoic_thompson, grave_heisenberg, hungry_mcclintock,
  nostalgic_carson, cranky_lumiere, romantic_fermat, angry_fermat, sick_mclean]
stopped: [high_albattani, clever_sammet]
tostart: []
tostop: []
---
cycle: 115
running: [ecstatic_goldstine, stoic_thompson, grave_heisenberg, hungry_mcclintock,
  nostalgic_carson, cranky_lumiere, romantic_fermat, angry_fermat, sick_mclean]
stopped: [high_albattani, clever_sammet]
tostart: [clever_sammet, high_albattani]
tostop: []
---
cycle: 116
running: [stoic_thompson, ecstatic_goldstine, grave_heisenberg, hungry_mcclintock,
  cranky_lumiere, nostalgic_carson, high_albattani, romantic_fermat, angry_fermat,
  clever_sammet, sick_mclean]
stopped: []
tostart: []
tostop: []
---
cycle: 117
running: [stoic_thompson, ecstatic_goldstine, grave_heisenberg, hungry_mcclintock,
  cranky_lumiere, nostalgic_carson, high_albattani, romantic_fermat, angry_fermat,
  clever_sammet, sick_mclean]
stopped: []
tostart: []
tostop: [nostalgic_carson, high_albattani]
---
cycle: 118
running: [stoic_thompson, ecstatic_goldstine, grave_heisenberg, hungry_mcclintock,
  cranky_lumiere, nostalgic_carson, high_albattani, romantic_fermat, angry_fermat,
  clever_sammet, sick_mclean]
stopped: []
tostart: []
tostop: [ecstatic_goldstine]
---
cycle: 119
running: [ecstatic_goldstine, stoic_thompson, grave_heisenberg, hungry_mcclintock,
  cranky_lumiere, high_albattani, romantic_fermat, angry_fermat, clever_sammet, sick_mclean]
stopped: [nostalgic_carson]
tostart: []
tostop: []
---
cycle: 120
running: [ecstatic_goldstine, stoic_thompson, grave_heisenberg, hungry_mcclintock,
  cranky_lumiere, romantic_fermat, angry_fermat, clever_sammet, sick_mclean]
stopped: [nostalgic_carson, high_albattani]
tostart: []
tostop: []
---
cycle: 121
running: [ecstatic_goldstine, stoic_thompson, grave_heisenberg, hungry_mcclintock,
  cranky_lumiere, romantic_fermat, angry_fermat, clever_sammet, sick_mclean]
stopped: [nostalgic_carson, high_albattani]
tostart: []
tostop: []
---
cycle: 122
running: [ecstatic_goldstine, stoic_thompson, grave_heisenberg, hungry_mcclintock,
  cranky_lumiere, romantic_fermat, angry_fermat, clever_sammet, sick_mclean]
stopped: [nostalgic_carson, high_albattani]
tostart: [nostalgic_carson]
tostop: []
---
cycle: 123
running: [stoic_thompson, ecstatic_goldstine, grave_heisenberg, hungry_mcclintock,
  cranky_lumiere, nostalgic_carson, romantic_fermat, angry_fermat, clever_sammet,
  sick_mclean]
stopped: [high_albattani]
tostart: [high_albattani]
tostop: []
---
cycle: 124
running: [stoic_thompson, ecstatic_goldstine, grave_heisenberg, hungry_mcclintock,
  cranky_lumiere, nostalgic_carson, high_albattani, romantic_fermat, angry_fermat,
  clever_sammet, sick_mclean]
stopped: []
tostart: []
tostop: [nostalgic_carson]
---
cycle: 125
running: [stoic_thompson, ecstatic_goldstine, grave_heisenberg, hungry_mcclintock,
  cranky_lumiere, nostalgic_carson, high_albattani, romantic_fermat, angry_fermat,
  clever_sammet, sick_mclean]
stopped: []
tostart: []
tostop: []
---
cycle: 126
running: [ecstatic_goldstine, stoic_thompson, grave_heisenberg, hungry_mcclintock,
  cranky_lumiere, high_albattani, romantic_fermat, angry_fermat, clever_sammet, sick_mclean]
stopped: [nostalgic_carson]
tostart: []
tostop: [stoic_thompson]
---
cycle: 127
running: [ecstatic_goldstine, stoic_thompson, grave_heisenberg, hungry_mcclintock,
  cranky_lumiere, high_albattani, romantic_fermat, angry_fermat, clever_sammet, sick_mclean]
stopped: [nostalgic_carson]
tostart: []
tostop: []
---
cycle: 128
running: [ecstatic_goldstine, grave_heisenberg, hungry_mcclintock, cranky_lumiere,
  high_albattani, romantic_fermat, angry_fermat, clever_sammet, sick_mclean]
stopped: [stoic_thompson, nostalgic_carson]
tostart: []
tostop: []
---
cycle: 129
running: [ecstatic_goldstine, grave_heisenberg, hungry_mcclintock, cranky_lumiere,
  high_albattani, romantic_fermat, angry_fermat, clever_sammet, sick_mclean]
stopped: [stoic_thompson, nostalgic_carson]
tostart: [nostalgic_carson]
tostop: []
---
cycle: 130
running: [ecstatic_goldstine, grave_heisenberg, hungry_mcclintock, nostalgic_carson,
  cranky_lumiere, high_albattani, romantic_fermat, angry_fermat, clever_sammet, sick_mclean]
stopped: [stoic_thompson]
tostart: []
tostop: [romantic_fermat, ecstatic_goldstine]
---
cycle: 131
running: [ecstatic_goldstine, grave_heisenberg, hungry_mcclintock, nostalgic_carson,
  cranky_lumiere, high_albattani, romantic_fermat, angry_fermat, clever_sammet, sick_mclean]
stopped: [stoic_thompson]
tostart: [stoic_thompson]
tostop: [nostalgic_carson]
---
cycle: 132
running: [stoic_thompson, ecstatic_goldstine, grave_heisenberg, hungry_mcclintock,
  cranky_lumiere, nostalgic_carson, high_albattani, angry_fermat, clever_sammet, sick_mclean]
stopped: [romantic_fermat]
tostart: []
tostop: []
---
cycle: 133
running: [ecstatic_goldstine, stoic_thompson, grave_heisenberg, hungry_mcclintock,
  cranky_lumiere, high_albattani, angry_fermat, clever_sammet, sick_mclean]
stopped: [nostalgic_carson, romantic_fermat]
tostart: []
tostop: []
---
cycle: 134
running: [ecstatic_goldstine, stoic_thompson, grave_heisenberg, hungry_mcclintock,
  cranky_lumiere, high_albattani, angry_fermat, clever_sammet, sick_mclean]
stopped: [nostalgic_carson, romantic_fermat]
tostart: []
tostop: [stoic_thompson]
---
cycle: 135
running: [ecstatic_goldstine, stoic_thompson, grave_heisenberg, hungry_mcclintock,
  cranky_lumiere, high_albattani, angry_fermat, clever_sammet, sick_mclean]
stopped: [nostalgic_carson, romantic_fermat]
tostart: [romantic_fermat]
tostop: []
---
cycle: 136
running: [ecstatic_goldstine, grave_heisenberg, hungry_mcclintock, cranky_lumiere,
  high_albattani, romantic_fermat, angry_fermat, clever_sammet, sick_mclean]
stopped: [stoic_thompson, nostalgic_carson]
tostart: [nostalgic_carson]
tostop: [ecstatic_goldstine]
---
cycle: 137
running: [ecstatic_goldstine, grave_heisenberg, hungry_mcclintock, nostalgic_carson,
  cranky_lumiere, high_albattani, romantic_fermat, angry_fermat, clever_sammet, sick_mclean]
stopped: [stoic_thompson]
tostart: []
tostop: [ecstatic_goldstine]
---
cycle: 138
running: [ecstatic_goldstine, grave_heisenberg, hungry_mcclintock, nostalgic_carson,
  cranky_lumiere, high_albattani, romantic_fermat, angry_fermat, clever_sammet, sick_mclean]
stopped: [stoic_thompson]
tostart: []
tostop: [high_albattani, angry_fermat]
---
cycle: 139
running: [ecstatic_goldstine, grave_heisenberg, hungry_mcclintock, nostalgic_carson,
  cranky_lumiere, high_albattani, romantic_fermat, angry_fermat, clever_sammet, sick_mclean]
stopped: [stoic_thompson]
tostart: [stoic_thompson]
tostop: []
---
cycle: 140
running: [ecstatic_goldstine, stoic_thompson, grave_heisenberg, hungry_mcclintock,
  nostalgic_carson, cranky_lumiere, romantic_fermat, clever_sammet, sick_mclean]
stopped: [high_albattani, angry_fermat]
tostart: []
tostop: []
---
cycle: 141
running: [ecstatic_goldstine, stoic_thompson, grave_heisenberg, hungry_mcclintock,
  nostalgic_carson, cranky_lumiere, romantic_fermat, clever_sammet, sick_mclean]
stopped: [high_albattani, angry_fermat]
tostart: []
tostop: []
---
cycle: 142
running: [ecstatic_goldstine, stoic_thompson, grave_heisenberg, hungry_mcclintock,
  nostalgic_carson, cranky_lumiere, romantic_fermat, clever_sammet, sick_mclean]
stopped: [high_albattani, angry_fermat]
tostart: []
tostop: [nostalgic_carson]
---
cycle: 143
running: [ecstatic_goldstine, stoic_thompson, grave_heisenberg, hungry_mcclintock,
  nostalgic_carson, cranky_lumiere, romantic_fermat, clever_sammet, sick_mclean]
stopped: [high_albattani, angry_fermat]
tostart: [high_albattani, angry_fermat]
tostop: []
---
cycle: 144
running: [ecstatic_goldstine, stoic_thompson, grave_heisenberg, hungry_mcclintock,
  cranky_lumiere, high_albattani, romantic_fermat, angry_fermat, clever_sammet, sick_mclean]
stopped: [nostalgic_carson]
tostart: []
tostop: [stoic_thompson, clever_sammet]
---
cycle: 145
running: [ecstatic_goldstine, stoic_thompson, grave_heisenberg, hungry_mcclintock,
  cranky_lumiere, high_albattani, romantic_fermat, angry_fermat, clever_sammet, sick_mclean]
stopped: [nostalgic_carson]
tostart: []
tostop: [cranky_lumiere]
---
cycle: 146
running: [ecstatic_goldstine, grave_heisenberg, hungry_mcclintock, cranky_lumiere,
  high_albattani, romantic_fermat, angry_fermat, clever_sammet, sick_mclean]
stopped: [stoic_thompson, nostalgic_carson]
tostart: []
tostop: [romantic_fermat]
---
cycle: 147
running: [ecstatic_goldstine, grave_heisenberg, hungry_mcclintock, high_albattani,
  romantic_fermat, angry_fermat, sick_mclean]
stopped: [stoic_thompson, cranky_lumiere, nostalgic_carson, clever_sammet]
tostart: [nostalgic_carson]
tostop: []
---
cycle: 148
running: [ecstatic_goldstine, grave_heisenberg, hungry_mcclintock, nostalgic_carson,
  high_albattani, angry_fermat, sick_mclean]
stopped: [stoic_thompson, cranky_lumiere, romantic_fermat, clever_sammet]
tostart: []
tostop: [high_albattani]
---
cycle: 149
running: [ecstatic_goldstine, grave_heisenberg, hungry_mcclintock, nostalgic_carson,
  high_albattani, angry_fermat, sick_mclean]
stopped: [stoic_thompson, cranky_lumiere, romantic_fermat, clever_sammet]
tostart: [stoic_thompson]
tostop: []
---
cycle: 150
running: [ecstatic_goldstine, stoic_thompson, grave_heisenberg, hungry_mcclintock,
  nostalgic_carson, angry_fermat, sick_mclean]
stopped: [cranky_lumiere, high_albattani, romantic_fermat, clever_sammet]
tostart: [clever_sammet, cranky_lumiere]
tostop: []
---
cycle: 151
running: [ecstatic_goldstine, stoic_thompson, grave_heisenberg, hungry_mcclintock,
  nostalgic_carson, cranky_lumiere, angry_fermat, clever_sammet, sick_mclean]
stopped: [high_albattani, romantic_fermat]
tostart: [romantic_fermat]
tostop: []
---
cycle: 152
running: [stoic_thompson, ecstatic_goldstine, grave_heisenberg, hungry_mcclintock,
  cranky_lumiere, nostalgic_carson, romantic_fermat, angry_fermat, clever_sammet,
  sick_mclean]
stopped: [high_albattani]
tostart: []
tostop: []
---
cycle: 153
running: [stoic_thompson, ecstatic_goldstine, grave_heisenberg, hungry_mcclintock,
  cranky_lumiere, nostalgic_carson, romantic_fermat, angry_fermat, clever_sammet,
  sick_mclean]
stopped: [high_albattani]
tostart: [high_albattani]
tostop: []
---
cycle: 154
running: [stoic_thompson, ecstatic_goldstine, grave_heisenberg, hungry_mcclintock,
  cranky_lumiere, nostalgic_carson, high_albattani, romantic_fermat, angry_fermat,
  clever_sammet, sick_mclean]
stopped: []
tostart: []
tostop: []
---
cycle: 155
running: [stoic_thompson, ecstatic_goldstine, grave_heisenberg, hungry_mcclintock,
  cranky_lumiere, nostalgic_carson, high_albattani, romantic_fermat, angry_fermat,
  clever_sammet, sick_mclean]
stopped: []
tostart: []
tostop: [hungry_mcclintock]
---
cycle: 156
running: [stoic_thompson, ecstatic_goldstine, grave_heisenberg, hungry_mcclintock,
  cranky_lumiere, nostalgic_carson, high_albattani, romantic_fermat, angry_fermat,
  clever_sammet, sick_mclean]
stopped: []
tostart: []
tostop: [high_albattani]
---
cycle: 157
running: [ecstatic_goldstine, stoic_thompson, grave_heisenberg, nostalgic_carson,
  cranky_lumiere, high_albattani, romantic_fermat, angry_fermat, clever_sammet, sick_mclean]
stopped: [hungry_mcclintock]
tostart: []
tostop: [sick_mclean, nostalgic_carson]
---
cycle: 158
running: [stoic_thompson, ecstatic_goldstine, grave_heisenberg, cranky_lumiere, nostalgic_carson,
  romantic_fermat, angry_fermat, clever_sammet, sick_mclean]
stopped: [hungry_mcclintock, high_albattani]
tostart: []
tostop: []
---
cycle: 159
running: [ecstatic_goldstine, stoic_thompson, grave_heisenberg, cranky_lumiere, romantic_fermat,
  angry_fermat, clever_sammet]
stopped: [hungry_mcclintock, nostalgic_carson, high_albattani, sick_mclean]
tostart: []
tostop: []
---
cycle: 160
running: [ecstatic_goldstine, stoic_thompson, grave_heisenberg, cranky_lumiere, romantic_fermat,
  angry_fermat, clever_sammet]
stopped: [hungry_mcclintock, nostalgic_carson, high_albattani, sick_mclean]
tostart: [hungry_mcclintock]
tostop: [romantic_fermat]
---
cycle: 161
running: [ecstatic_goldstine, stoic_thompson, grave_heisenberg, hungry_mcclintock,
  cranky_lumiere, romantic_fermat, angry_fermat, clever_sammet]
stopped: [nostalgic_carson, high_albattani, sick_mclean]
tostart: [high_albattani]
tostop: [stoic_thompson]
---
cycle: 162
running: [ecstatic_goldstine, stoic_thompson, grave_heisenberg, hungry_mcclintock,
  cranky_lumiere, high_albattani, romantic_fermat, angry_fermat, clever_sammet]
stopped: [nostalgic_carson, sick_mclean]
tostart: [nostalgic_carson, sick_mclean]
tostop: []
---
cycle: 163
running: [ecstatic_goldstine, grave_heisenberg, hungry_mcclintock, cranky_lumiere,
  nostalgic_carson, high_albattani, angry_fermat, clever_sammet, sick_mclean]
stopped: [stoic_thompson, romantic_fermat]
tostart: []
tostop: []
