---
cycle: 0
running: [p9, p8, p7, p6, p5, p4, p3, p2, p1, p0]
stopped: []
tostart: []
tostop: [p6]
---
cycle: 1
running: [p9, p8, p7, p6, p5, p4, p3, p2, p1, p0]
stopped: []
tostart: []
tostop: [p5]
---
cycle: 2
running: [p8, p9, p7, p3, p4, p2, p1, p0]
stopped: [p6, p5]
tostart: []
tostop: [p8]
---
cycle: 3
running: [p8, p9, p7, p3, p4, p2, p1, p0]
stopped: [p6, p5]
tostart: []
tostop: [p9]
---
cycle: 4
running: [p9, p7, p4, p3, p2, p1, p0]
stopped: [p8, p6, p5]
tostart: []
tostop: [p9]
---
cycle: 5
running: [p7, p4, p3, p2, p1, p0]
stopped: [p9, p8, p6, p5]
tostart: [p6, p5]
tostop: [p3]
---
cycle: 6
running: [p7, p6, p5, p4, p2, p1, p0]
stopped: [p9, p8, p3]
tostart: []
tostop: [p2]
---
cycle: 7
running: [p7, p6, p5, p4, p2, p1, p0]
stopped: [p9, p8, p3]
tostart: [p8]
tostop: [p1]
---
cycle: 8
running: [p8, p7, p6, p5, p4, p1, p0]
stopped: [p9, p3, p2]
tostart: [p9]
tostop: [p0]
---
cycle: 9
running: [p9, p8, p7, p6, p5, p4, p0]
stopped: [p3, p2, p1]
tostart: [p3]
tostop: [p9]
---
cycle: 10
running: [p9, p8, p7, p6, p5, p4, p3]
stopped: [p2, p1, p0]
tostart: []
tostop: [p8]
---
cycle: 11
running: [p8, p7, p6, p5, p4, p3]
stopped: [p9, p2, p1, p0]
tostart: [p2]
tostop: [p4]
---
cycle: 12
running: [p7, p6, p5, p4, p3, p2]
stopped: [p9, p8, p1, p0]
tostart: [p1]
tostop: [p4]
---
cycle: 13
running: [p7, p6, p5, p3, p2, p1]
stopped: [p9, p8, p4, p0]
tostart: [p0]
tostop: [p1]
---
cycle: 14
running: [p7, p6, p5, p3, p2, p1, p0]
stopped: [p9, p8, p4]
tostart: [p9]
tostop: [p5]
---
cycle: 15
running: [p9, p7, p6, p5, p3, p2, p0]
stopped: [p8, p4, p1]
tostart: [p8]
tostop: [p5]
