---
cycle: 0
running: [p8, p9, p6, p3, p4, p2, p1, p0]
stopped: [p7, p5]
tostart: []
tostop: [p9]
---
cycle: 1
running: [p8, p9, p6, p3, p4, p2, p1, p0]
stopped: [p7, p5]
tostart: []
tostop: [p1]
---
cycle: 2
running: [p8, p9, p6, p3, p4, p2, p1, p0]
stopped: [p7, p5]
tostart: []
tostop: [p6]
---
cycle: 3
running: [p8, p9, p6, p3, p4, p2, p1, p0]
stopped: [p7, p5]
tostart: [p5, p7]
tostop: [p3]
---
cycle: 4
running: [p9, p8, p7, p6, p5, p4, p3, p2, p1, p0]
stopped: []
tostart: []
tostop: [p9]
---
cycle: 5
running: [p8, p7, p6, p5, p4, p3, p2, p1, p0]
stopped: [p9]
tostart: []
tostop: [p1]
---
cycle: 6
running: [p8, p7, p6, p5, p4, p3, p2, p0]
stopped: [p9, p1]
tostart: []
tostop: [p2]
---
cycle: 7
running: [p8, p7, p5, p4, p3, p2, p0]
stopped: [p9, p6, p1]
tostart: []
tostop: [p4]
---
cycle: 8
running: [p8, p7, p5, p4, p2, p0]
stopped: [p9, p6, p3, p1]
tostart: [p9]
tostop: [p5]
---
cycle: 9
running: [p9, p8, p7, p5, p4, p2, p0]
stopped: [p6, p3, p1]
tostart: [p1]
tostop: [p4]
---
cycle: 10
running: [p9, p8, p7, p5, p4, p2, p1, p0]
stopped: [p6, p3]
tostart: [p6]
tostop: [p2]
---
cycle: 11
running: [p8, p9, p7, p5, p6, p4, p1, p0]
stopped: [p3, p2]
tostart: [p3]
tostop: [p5]
---
cycle: 12
running: [p8, p9, p7, p5, p6, p3, p1, p0]
stopped: [p4, p2]
tostart: []
tostop: [p6]
---
cycle: 13
running: [p9, p8, p7, p6, p3, p1, p0]
stopped: [p5, p4, p2]
tostart: []
tostop: [p1]
---
cycle: 14
running: [p9, p8, p7, p6, p3, p1, p0]
stopped: [p5, p4, p2]
tostart: [p2]
tostop: [p3]
---
cycle: 15
running: [p9, p8, p7, p6, p3, p2, p1, p0]
stopped: [p5, p4]
tostart: [p4]
tostop: [p8]
---
cycle: 16
running: [p9, p8, p7, p6, p4, p3, p2, p1, p0]
stopped: [p5]
tostart: [p5]
tostop: [p9]
---
cycle: 17
running: [p9, p8, p7, p5, p4, p3, p2, p1, p0]
stopped: [p6]
tostart: []
tostop: [p9]
---
cycle: 18
running: [p9, p8, p7, p5, p4, p3, p2, p0]
stopped: [p6, p1]
tostart: []
tostop: [p0]
---
cycle: 19
running: [p9, p8, p7, p5, p4, p2, p0]
stopped: [p6, p3, p1]
tostart: []
tostop: [p7]
