---
cycle: 0
running: [p2]
stopped: [p9, p8, p7, p6, p5, p4, p3, p1, p0]
tostart: []
tostop: []
---
cycle: 1
running: [p2]
stopped: [p9, p8, p7, p6, p5, p4, p3, p1, p0]
tostart: []
tostop: []
---
cycle: 2
running: [p2]
stopped: [p9, p8, p7, p6, p5, p4, p3, p1, p0]
tostart: []
tostop: []
---
cycle: 3
running: [p2]
stopped: [p9, p8, p7, p6, p5, p4, p3, p1, p0]
tostart: [p8, p5, p9, p1, p0, p4, p7, p6, p3]
tostop: []
---
cycle: 4
running: [p9, p8, p7, p6, p5, p4, p3, p2, p1, p0]
stopped: []
tostart: []
tostop: []
