---
cycle: 0
running: [p9, p8, p5, p4, p2, p1, p0]
stopped: [p7, p6, p3]
tostart: []
tostop: [p1]
---
cycle: 1
running: [p9, p8, p5, p4, p2, p1, p0]
stopped: [p7, p6, p3]
tostart: []
tostop: [p1]
---
cycle: 2
running: [p9, p8, p5, p4, p2, p0]
stopped: [p7, p6, p3, p1]
tostart: []
tostop: []
---
cycle: 3
running: [p9, p8, p5, p4, p2, p0]
stopped: [p7, p6, p3, p1]
tostart: [p6, p3, p7]
tostop: []
---
cycle: 4
running: [p8, p9, p7, p5, p6, p4, p3, p2, p0]
stopped: [p1]
tostart: []
tostop: []
---
cycle: 5
running: [p8, p9, p7, p5, p6, p4, p3, p2, p0]
stopped: [p1]
tostart: [p1]
tostop: []
---
cycle: 6
running: [p9, p8, p7, p6, p5, p4, p3, p2, p1, p0]
stopped: []
tostart: []
tostop: [p2]
---
cycle: 7
running: [p9, p8, p7, p6, p5, p4, p3, p2, p1, p0]
stopped: []
tostart: []
tostop: [p2]
---
cycle: 8
running: [p8, p9, p7, p5, p6, p4, p3, p1, p0]
stopped: [p2]
tostart: []
tostop: [p5]
---
cycle: 9
running: [p8, p9, p7, p5, p6, p4, p3, p1, p0]
stopped: [p2]
tostart: []
tostop: [p5]
---
cycle: 10
running: [p9, p8, p7, p6, p4, p3, p1, p0]
stopped: [p5, p2]
tostart: []
tostop: []
---
cycle: 11
running: [p9, p8, p7, p6, p4, p3, p1, p0]
stopped: [p5, p2]
tostart: [p2]
tostop: []
---
cycle: 12
running: [p9, p8, p7, p6, p4, p3, p2, p1, p0]
stopped: [p5]
tostart: []
tostop: [p4]
---
cycle: 13
running: [p9, p8, p7, p6, p4, p3, p2, p1, p0]
stopped: [p5]
tostart: [p5]
tostop: [p4, p3]
